0 info it worked if it ends with ok
1 verbose cli [ '/Users/abhiaiyer/.nvm/versions/node/v6.9.1/bin/node',
1 verbose cli   '/Users/abhiaiyer/.nvm/versions/node/v6.9.1/bin/npm',
1 verbose cli   'run',
1 verbose cli   'test-watch' ]
2 info using npm@3.10.8
3 info using node@v6.9.1
4 verbose run-script [ 'pretest-watch', 'test-watch', 'posttest-watch' ]
5 info lifecycle graphql-currency-scalars@0.0.0~pretest-watch: graphql-currency-scalars@0.0.0
6 silly lifecycle graphql-currency-scalars@0.0.0~pretest-watch: no script for pretest-watch, continuing
7 info lifecycle graphql-currency-scalars@0.0.0~test-watch: graphql-currency-scalars@0.0.0
8 verbose lifecycle graphql-currency-scalars@0.0.0~test-watch: unsafe-perm in lifecycle true
9 verbose lifecycle graphql-currency-scalars@0.0.0~test-watch: PATH: /Users/abhiaiyer/.nvm/versions/node/v6.9.1/lib/node_modules/npm/bin/node-gyp-bin:/Users/abhiaiyer/Projects/graphql-currency-scalars/node_modules/.bin:/Users/abhiaiyer/google-cloud-sdk/bin:/Users/abhiaiyer/.nvm/versions/node/v6.9.1/bin:/Users/abhiaiyer/bin:/usr/local/bin:/usr/local/bin:/usr/bin:/bin:/usr/sbin:/sbin
10 verbose lifecycle graphql-currency-scalars@0.0.0~test-watch: CWD: /Users/abhiaiyer/Projects/graphql-currency-scalars
11 silly lifecycle graphql-currency-scalars@0.0.0~test-watch: Args: [ '-c', 'npm run testonly -- --watch --watch-extensions js' ]
12 silly lifecycle graphql-currency-scalars@0.0.0~test-watch: Returned: code: 1  signal: null
13 info lifecycle graphql-currency-scalars@0.0.0~test-watch: Failed to exec test-watch script
14 verbose stack Error: graphql-currency-scalars@0.0.0 test-watch: `npm run testonly -- --watch --watch-extensions js`
14 verbose stack Exit status 1
14 verbose stack     at EventEmitter.<anonymous> (/Users/abhiaiyer/.nvm/versions/node/v6.9.1/lib/node_modules/npm/lib/utils/lifecycle.js:255:16)
14 verbose stack     at emitTwo (events.js:106:13)
14 verbose stack     at EventEmitter.emit (events.js:191:7)
14 verbose stack     at ChildProcess.<anonymous> (/Users/abhiaiyer/.nvm/versions/node/v6.9.1/lib/node_modules/npm/lib/utils/spawn.js:40:14)
14 verbose stack     at emitTwo (events.js:106:13)
14 verbose stack     at ChildProcess.emit (events.js:191:7)
14 verbose stack     at maybeClose (internal/child_process.js:877:16)
14 verbose stack     at Process.ChildProcess._handle.onexit (internal/child_process.js:226:5)
15 verbose pkgid graphql-currency-scalars@0.0.0
16 verbose cwd /Users/abhiaiyer/Projects/graphql-currency-scalars
17 error Darwin 17.6.0
18 error argv "/Users/abhiaiyer/.nvm/versions/node/v6.9.1/bin/node" "/Users/abhiaiyer/.nvm/versions/node/v6.9.1/bin/npm" "run" "test-watch"
19 error node v6.9.1
20 error npm  v3.10.8
21 error code ELIFECYCLE
22 error graphql-currency-scalars@0.0.0 test-watch: `npm run testonly -- --watch --watch-extensions js`
22 error Exit status 1
23 error Failed at the graphql-currency-scalars@0.0.0 test-watch script 'npm run testonly -- --watch --watch-extensions js'.
23 error Make sure you have the latest version of node.js and npm installed.
23 error If you do, this is most likely a problem with the graphql-currency-scalars package,
23 error not with npm itself.
23 error Tell the author that this fails on your system:
23 error     npm run testonly -- --watch --watch-extensions js
23 error You can get information on how to open an issue for this project with:
23 error     npm bugs graphql-currency-scalars
23 error Or if that isn't available, you can get their info via:
23 error     npm owner ls graphql-currency-scalars
23 error There is likely additional logging output above.
24 verbose exit [ 1, true ]
